2021-10-19 20:17:19,506 - Log4JLogChute initialized using file 'target\velocity.log'
2021-10-19 20:17:19,506 - Initializing Velocity, Calling init()...
2021-10-19 20:17:19,506 - Starting Apache Velocity v1.7 (compiled: 2010-11-19 12:14:37)
2021-10-19 20:17:19,506 - Default Properties File: org\apache\velocity\runtime\defaults\velocity.properties
2021-10-19 20:17:19,506 - Trying to use logger class org.apache.velocity.runtime.log.AvalonLogChute
2021-10-19 20:17:19,506 - Target log system for org.apache.velocity.runtime.log.AvalonLogChute is not available (java.lang.NoClassDefFoundError: org/apache/log/format/Formatter).  Falling back to next log system...
2021-10-19 20:17:19,506 - Trying to use logger class org.apache.velocity.runtime.log.Log4JLogChute
2021-10-19 20:17:19,511 - Using logger class org.apache.velocity.runtime.log.Log4JLogChute
2021-10-19 20:17:19,515 - ResourceLoader instantiated: org.apache.velocity.runtime.resource.loader.ClasspathResourceLoader
2021-10-19 20:17:19,525 - ResourceCache: initialized (class org.apache.velocity.runtime.resource.ResourceCacheImpl) with class java.util.Collections$SynchronizedMap cache map.
2021-10-19 20:17:19,527 - Loaded System Directive: org.apache.velocity.runtime.directive.Stop
2021-10-19 20:17:19,527 - Loaded System Directive: org.apache.velocity.runtime.directive.Define
2021-10-19 20:17:19,528 - Loaded System Directive: org.apache.velocity.runtime.directive.Break
2021-10-19 20:17:19,529 - Loaded System Directive: org.apache.velocity.runtime.directive.Evaluate
2021-10-19 20:17:19,529 - Loaded System Directive: org.apache.velocity.runtime.directive.Literal
2021-10-19 20:17:19,530 - Loaded System Directive: org.apache.velocity.runtime.directive.Macro
2021-10-19 20:17:19,533 - Loaded System Directive: org.apache.velocity.runtime.directive.Parse
2021-10-19 20:17:19,534 - Loaded System Directive: org.apache.velocity.runtime.directive.Include
2021-10-19 20:17:19,534 - Loaded System Directive: org.apache.velocity.runtime.directive.Foreach
2021-10-19 20:17:19,551 - Created '20' parsers.
2021-10-19 20:17:19,553 - Velocimacro : "velocimacro.library" is not set.  Trying default library: VM_global_library.vm
2021-10-19 20:17:19,554 - Could not load resource 'VM_global_library.vm' from ResourceLoader org.apache.velocity.runtime.resource.loader.ClasspathResourceLoader: ClasspathResourceLoader Error: cannot find resource VM_global_library.vm
2021-10-19 20:17:19,554 - Velocimacro : Default library not found.
2021-10-19 20:17:19,554 - Velocimacro : allowInline = true : VMs can be defined inline in templates
2021-10-19 20:17:19,554 - Velocimacro : allowInlineToOverride = false : VMs defined inline may NOT replace previous VM definitions
2021-10-19 20:17:19,554 - Velocimacro : allowInlineLocal = false : VMs defined inline will be global in scope if allowed.
2021-10-19 20:17:19,554 - Velocimacro : autoload off : VM system will not automatically reload global library macros
2021-10-19 20:17:19,616 - ResourceManager : found templates/generators/errorpage.vm with loader org.apache.velocity.runtime.resource.loader.ClasspathResourceLoader
2021-10-19 20:17:19,619 - ResourceManager : found /templates/headers.vm with loader org.apache.velocity.runtime.resource.loader.ClasspathResourceLoader
2021-10-19 20:17:19,619 - ResourceManager : found /templates/head.vm with loader org.apache.velocity.runtime.resource.loader.ClasspathResourceLoader
2021-10-19 20:17:19,621 - Velocimacro : added VM stringArray: source=/templates/macros/array.js.vm
2021-10-19 20:17:19,621 - Velocimacro : added VM numberArray: source=/templates/macros/array.js.vm
2021-10-19 20:17:19,621 - ResourceManager : found /templates/macros/array.js.vm with loader org.apache.velocity.runtime.resource.loader.ClasspathResourceLoader
2021-10-19 20:17:19,623 - Velocimacro : added VM includeBuildInfo: source=/templates/macros/page/buildinfo.vm
2021-10-19 20:17:19,623 - ResourceManager : found /templates/macros/page/buildinfo.vm with loader org.apache.velocity.runtime.resource.loader.ClasspathResourceLoader
2021-10-19 20:17:19,626 - Velocimacro : added VM includeClassifications: source=/templates/macros/page/classifications.vm
2021-10-19 20:17:19,626 - ResourceManager : found /templates/macros/page/classifications.vm with loader org.apache.velocity.runtime.resource.loader.ClasspathResourceLoader
2021-10-19 20:17:19,627 - Velocimacro : added VM includeLead: source=/templates/macros/page/lead.vm
2021-10-19 20:17:19,627 - ResourceManager : found /templates/macros/page/lead.vm with loader org.apache.velocity.runtime.resource.loader.ClasspathResourceLoader
2021-10-19 20:17:19,629 - Velocimacro : added VM includeNavigation: source=/templates/macros/page/navigation.vm
2021-10-19 20:17:19,629 - ResourceManager : found /templates/macros/page/navigation.vm with loader org.apache.velocity.runtime.resource.loader.ClasspathResourceLoader
2021-10-19 20:17:19,630 - Velocimacro : added VM includeReportInfo: source=/templates/macros/page/reportInfo.vm
2021-10-19 20:17:19,631 - ResourceManager : found /templates/macros/page/reportInfo.vm with loader org.apache.velocity.runtime.resource.loader.ClasspathResourceLoader
2021-10-19 20:17:19,631 - Velocimacro : added VM includeTitle: source=/templates/macros/page/title.vm
2021-10-19 20:17:19,631 - ResourceManager : found /templates/macros/page/title.vm with loader org.apache.velocity.runtime.resource.loader.ClasspathResourceLoader
2021-10-19 20:17:19,632 - Velocimacro : added VM includeExpandingButtons: source=/templates/macros/report/expandAllButtons.vm
2021-10-19 20:17:19,632 - ResourceManager : found /templates/macros/report/expandAllButtons.vm with loader org.apache.velocity.runtime.resource.loader.ClasspathResourceLoader
2021-10-19 20:17:19,636 - Velocimacro : added VM includeReportTable: source=/templates/macros/report/reportTable.vm
2021-10-19 20:17:19,636 - ResourceManager : found /templates/macros/report/reportTable.vm with loader org.apache.velocity.runtime.resource.loader.ClasspathResourceLoader
2021-10-19 20:17:19,638 - Velocimacro : added VM includeReportHeader: source=/templates/macros/report/reportHeader.vm
2021-10-19 20:17:19,638 - ResourceManager : found /templates/macros/report/reportHeader.vm with loader org.apache.velocity.runtime.resource.loader.ClasspathResourceLoader
2021-10-19 20:17:19,643 - Velocimacro : added VM includeStatsTable: source=/templates/macros/report/statsTable.vm
2021-10-19 20:17:19,643 - ResourceManager : found /templates/macros/report/statsTable.vm with loader org.apache.velocity.runtime.resource.loader.ClasspathResourceLoader
2021-10-19 20:17:19,644 - Velocimacro : added VM includeBrief: source=/templates/macros/json/brief.vm
2021-10-19 20:17:19,644 - ResourceManager : found /templates/macros/json/brief.vm with loader org.apache.velocity.runtime.resource.loader.ClasspathResourceLoader
2021-10-19 20:17:19,645 - Velocimacro : added VM includeDocString: source=/templates/macros/json/docstring.vm
2021-10-19 20:17:19,645 - ResourceManager : found /templates/macros/json/docstring.vm with loader org.apache.velocity.runtime.resource.loader.ClasspathResourceLoader
2021-10-19 20:17:19,646 - Velocimacro : added VM includeDuration: source=/templates/macros/json/duration.vm
2021-10-19 20:17:19,646 - ResourceManager : found /templates/macros/json/duration.vm with loader org.apache.velocity.runtime.resource.loader.ClasspathResourceLoader
2021-10-19 20:17:19,648 - Velocimacro : added VM includeElement: source=/templates/macros/json/element.vm
2021-10-19 20:17:19,648 - ResourceManager : found /templates/macros/json/element.vm with loader org.apache.velocity.runtime.resource.loader.ClasspathResourceLoader
2021-10-19 20:17:19,654 - Velocimacro : added VM includeEmbeddings: source=/templates/macros/json/embeddings.vm
2021-10-19 20:17:19,655 - Velocimacro : added VM includeHtmlEmbedding: source=/templates/macros/json/embeddings.vm
2021-10-19 20:17:19,655 - Velocimacro : added VM includeVideoEmbedding: source=/templates/macros/json/embeddings.vm
2021-10-19 20:17:19,655 - Velocimacro : added VM includeImageEmbedding: source=/templates/macros/json/embeddings.vm
2021-10-19 20:17:19,655 - Velocimacro : added VM includeImageReferenceEmbedding: source=/templates/macros/json/embeddings.vm
2021-10-19 20:17:19,656 - Velocimacro : added VM includeTextEmbedding: source=/templates/macros/json/embeddings.vm
2021-10-19 20:17:19,656 - Velocimacro : added VM includeUnknownEmbedding: source=/templates/macros/json/embeddings.vm
2021-10-19 20:17:19,656 - ResourceManager : found /templates/macros/json/embeddings.vm with loader org.apache.velocity.runtime.resource.loader.ClasspathResourceLoader
2021-10-19 20:17:19,658 - Velocimacro : added VM includeHooks: source=/templates/macros/json/hooks.vm
2021-10-19 20:17:19,658 - ResourceManager : found /templates/macros/json/hooks.vm with loader org.apache.velocity.runtime.resource.loader.ClasspathResourceLoader
2021-10-19 20:17:19,660 - Velocimacro : added VM includeOutput: source=/templates/macros/json/output.vm
2021-10-19 20:17:19,660 - ResourceManager : found /templates/macros/json/output.vm with loader org.apache.velocity.runtime.resource.loader.ClasspathResourceLoader
2021-10-19 20:17:19,661 - Velocimacro : added VM includeMessage: source=/templates/macros/json/message.vm
2021-10-19 20:17:19,661 - ResourceManager : found /templates/macros/json/message.vm with loader org.apache.velocity.runtime.resource.loader.ClasspathResourceLoader
2021-10-19 20:17:19,663 - Velocimacro : added VM includeSteps: source=/templates/macros/json/steps.vm
2021-10-19 20:17:19,663 - ResourceManager : found /templates/macros/json/steps.vm with loader org.apache.velocity.runtime.resource.loader.ClasspathResourceLoader
2021-10-19 20:17:19,663 - Velocimacro : added VM includeStepName: source=/templates/macros/json/stepName.vm
2021-10-19 20:17:19,663 - ResourceManager : found /templates/macros/json/stepName.vm with loader org.apache.velocity.runtime.resource.loader.ClasspathResourceLoader
2021-10-19 20:17:19,664 - Velocimacro : added VM includeTags: source=/templates/macros/json/tags.vm
2021-10-19 20:17:19,664 - ResourceManager : found /templates/macros/json/tags.vm with loader org.apache.velocity.runtime.resource.loader.ClasspathResourceLoader
2021-10-19 20:17:19,669 - VM #includeNavigation: too few arguments to macro. Wanted 1 got 0
2021-10-19 20:17:19,670 - Left side ($active_tab) of '==' operation has null value. If it is a reference, it may not be in the context or its toString() returned null. /templates/macros/page/navigation.vm[line 14, column 51]
2021-10-19 20:17:19,670 - Left side ($active_tab) of '==' operation has null value. If it is a reference, it may not be in the context or its toString() returned null. /templates/macros/page/navigation.vm[line 15, column 51]
2021-10-19 20:17:19,670 - Left side ($active_tab) of '==' operation has null value. If it is a reference, it may not be in the context or its toString() returned null. /templates/macros/page/navigation.vm[line 16, column 51]
2021-10-19 20:17:19,670 - Left side ($active_tab) of '==' operation has null value. If it is a reference, it may not be in the context or its toString() returned null. /templates/macros/page/navigation.vm[line 20, column 51]
2021-10-19 20:17:19,685 - ResourceManager : found /templates/footer.vm with loader org.apache.velocity.runtime.resource.loader.ClasspathResourceLoader
